E:\Makrand_Vichare_WebDeveloper_Kneat_CodingChallange_Test\SourceCode\1.UI\CodingChallange.MVC.Angular.UI\Scripts\App\AdminSection\Controllers\AdminHomeController.js
E:\Makrand_Vichare_WebDeveloper_Kneat_CodingChallange_Test\SourceCode\1.UI\CodingChallange.MVC.Angular.UI\Scripts\App\AdminSection\Controllers\AdminHomeController.js.map
E:\Makrand_Vichare_WebDeveloper_Kneat_CodingChallange_Test\SourceCode\1.UI\CodingChallange.MVC.Angular.UI\Scripts\App\AdminSection\Controllers\LoginController.js
E:\Makrand_Vichare_WebDeveloper_Kneat_CodingChallange_Test\SourceCode\1.UI\CodingChallange.MVC.Angular.UI\Scripts\App\AdminSection\Controllers\LoginController.js.map
E:\Makrand_Vichare_WebDeveloper_Kneat_CodingChallange_Test\SourceCode\1.UI\CodingChallange.MVC.Angular.UI\Scripts\App\AdminSection\Controllers\AdminHomeController.spec.js
E:\Makrand_Vichare_WebDeveloper_Kneat_CodingChallange_Test\SourceCode\1.UI\CodingChallange.MVC.Angular.UI\Scripts\App\AdminSection\Controllers\AdminHomeController.spec.js.map
E:\Makrand_Vichare_WebDeveloper_Kneat_CodingChallange_Test\SourceCode\1.UI\CodingChallange.MVC.Angular.UI\Scripts\App\moduleinitiator.js
E:\Makrand_Vichare_WebDeveloper_Kneat_CodingChallange_Test\SourceCode\1.UI\CodingChallange.MVC.Angular.UI\Scripts\App\moduleinitiator.js.map
E:\Makrand_Vichare_WebDeveloper_Kneat_CodingChallange_Test\SourceCode\1.UI\CodingChallange.MVC.Angular.UI\Scripts\App\common\appconstants.js
E:\Makrand_Vichare_WebDeveloper_Kneat_CodingChallange_Test\SourceCode\1.UI\CodingChallange.MVC.Angular.UI\Scripts\App\common\appconstants.js.map
E:\Makrand_Vichare_WebDeveloper_Kneat_CodingChallange_Test\SourceCode\1.UI\CodingChallange.MVC.Angular.UI\Scripts\App\common\baseservice.js
E:\Makrand_Vichare_WebDeveloper_Kneat_CodingChallange_Test\SourceCode\1.UI\CodingChallange.MVC.Angular.UI\Scripts\App\common\baseservice.js.map
E:\Makrand_Vichare_WebDeveloper_Kneat_CodingChallange_Test\SourceCode\1.UI\CodingChallange.MVC.Angular.UI\Scripts\App\adminsection\services\authservice.js
E:\Makrand_Vichare_WebDeveloper_Kneat_CodingChallange_Test\SourceCode\1.UI\CodingChallange.MVC.Angular.UI\Scripts\App\adminsection\services\authservice.js.map
E:\Makrand_Vichare_WebDeveloper_Kneat_CodingChallange_Test\SourceCode\1.UI\CodingChallange.MVC.Angular.UI\Scripts\App\common\authenticationinterceptor.js
E:\Makrand_Vichare_WebDeveloper_Kneat_CodingChallange_Test\SourceCode\1.UI\CodingChallange.MVC.Angular.UI\Scripts\App\common\authenticationinterceptor.js.map
E:\Makrand_Vichare_WebDeveloper_Kneat_CodingChallange_Test\SourceCode\1.UI\CodingChallange.MVC.Angular.UI\Scripts\App\adminsection\adminsectionroutes.js
E:\Makrand_Vichare_WebDeveloper_Kneat_CodingChallange_Test\SourceCode\1.UI\CodingChallange.MVC.Angular.UI\Scripts\App\adminsection\adminsectionroutes.js.map
E:\Makrand_Vichare_WebDeveloper_Kneat_CodingChallange_Test\SourceCode\1.UI\CodingChallange.MVC.Angular.UI\Scripts\App\adminsection\adminsectionapp.js
E:\Makrand_Vichare_WebDeveloper_Kneat_CodingChallange_Test\SourceCode\1.UI\CodingChallange.MVC.Angular.UI\Scripts\App\adminsection\adminsectionapp.js.map
E:\Makrand_Vichare_WebDeveloper_Kneat_CodingChallange_Test\SourceCode\1.UI\CodingChallange.MVC.Angular.UI\Scripts\App\common\basecontroller.js
E:\Makrand_Vichare_WebDeveloper_Kneat_CodingChallange_Test\SourceCode\1.UI\CodingChallange.MVC.Angular.UI\Scripts\App\common\basecontroller.js.map
E:\Makrand_Vichare_WebDeveloper_Kneat_CodingChallange_Test\SourceCode\1.UI\CodingChallange.MVC.Angular.UI\Scripts\App\AdminSection\interfaces\iauthservice.js
E:\Makrand_Vichare_WebDeveloper_Kneat_CodingChallange_Test\SourceCode\1.UI\CodingChallange.MVC.Angular.UI\Scripts\App\AdminSection\interfaces\iauthservice.js.map
E:\Makrand_Vichare_WebDeveloper_Kneat_CodingChallange_Test\SourceCode\1.UI\CodingChallange.MVC.Angular.UI\Scripts\App\AdminSection\services\planetservice.js
E:\Makrand_Vichare_WebDeveloper_Kneat_CodingChallange_Test\SourceCode\1.UI\CodingChallange.MVC.Angular.UI\Scripts\App\AdminSection\services\planetservice.js.map
E:\Makrand_Vichare_WebDeveloper_Kneat_CodingChallange_Test\SourceCode\1.UI\CodingChallange.MVC.Angular.UI\Scripts\App\AdminSection\Controllers\LoginController.spec.js
E:\Makrand_Vichare_WebDeveloper_Kneat_CodingChallange_Test\SourceCode\1.UI\CodingChallange.MVC.Angular.UI\Scripts\App\AdminSection\Controllers\LoginController.spec.js.map
E:\Makrand_Vichare_WebDeveloper_Kneat_CodingChallange_Test\SourceCode\1.UI\CodingChallange.MVC.Angular.UI\Scripts\App\AdminSection\interfaces\istarshipservice.js
E:\Makrand_Vichare_WebDeveloper_Kneat_CodingChallange_Test\SourceCode\1.UI\CodingChallange.MVC.Angular.UI\Scripts\App\AdminSection\interfaces\istarshipservice.js.map
E:\Makrand_Vichare_WebDeveloper_Kneat_CodingChallange_Test\SourceCode\1.UI\CodingChallange.MVC.Angular.UI\Scripts\App\AdminSection\services\starshipservice.js
E:\Makrand_Vichare_WebDeveloper_Kneat_CodingChallange_Test\SourceCode\1.UI\CodingChallange.MVC.Angular.UI\Scripts\App\AdminSection\services\starshipservice.js.map
E:\Makrand_Vichare_WebDeveloper_Kneat_CodingChallange_Test\SourceCode\1.UI\CodingChallange.MVC.Angular.UI\Scripts\App\AdminSection\Controllers\starshipcontroller.js
E:\Makrand_Vichare_WebDeveloper_Kneat_CodingChallange_Test\SourceCode\1.UI\CodingChallange.MVC.Angular.UI\Scripts\App\AdminSection\Controllers\starshipcontroller.js.map
E:\Makrand_Vichare_WebDeveloper_Kneat_CodingChallange_Test\SourceCode\1.UI\CodingChallange.MVC.Angular.UI\Scripts\App\AdminSection\Controllers\StarshipController.spec.js
E:\Makrand_Vichare_WebDeveloper_Kneat_CodingChallange_Test\SourceCode\1.UI\CodingChallange.MVC.Angular.UI\Scripts\App\AdminSection\Controllers\StarshipController.spec.js.map
E:\Makrand_Vichare_WebDeveloper_Kneat_CodingChallange_Test\SourceCode\1.UI\CodingChallange.MVC.Angular.UI\Scripts\App\AdminSection\interfaces\iplanetservice.js
E:\Makrand_Vichare_WebDeveloper_Kneat_CodingChallange_Test\SourceCode\1.UI\CodingChallange.MVC.Angular.UI\Scripts\App\AdminSection\interfaces\iplanetservice.js.map
E:\Makrand_Vichare_WebDeveloper_Kneat_CodingChallange_Test\SourceCode\1.UI\CodingChallange.MVC.Angular.UI\Scripts\App\AdminSection\Controllers\planetcontroller.js
E:\Makrand_Vichare_WebDeveloper_Kneat_CodingChallange_Test\SourceCode\1.UI\CodingChallange.MVC.Angular.UI\Scripts\App\AdminSection\Controllers\planetcontroller.js.map
E:\Makrand_Vichare_WebDeveloper_Kneat_CodingChallange_Test\SourceCode\1.UI\CodingChallange.MVC.Angular.UI\Scripts\App\AdminSection\Controllers\PlanetController.spec.js
E:\Makrand_Vichare_WebDeveloper_Kneat_CodingChallange_Test\SourceCode\1.UI\CodingChallange.MVC.Angular.UI\Scripts\App\AdminSection\Controllers\PlanetController.spec.js.map
E:\Makrand_Vichare_WebDeveloper_Kneat_CodingChallange_Test\SourceCode\1.UI\CodingChallange.MVC.Angular.UI\Scripts\App\AdminSection\Services\AuthService.spec.js
E:\Makrand_Vichare_WebDeveloper_Kneat_CodingChallange_Test\SourceCode\1.UI\CodingChallange.MVC.Angular.UI\Scripts\App\AdminSection\Services\AuthService.spec.js.map
E:\Makrand_Vichare_WebDeveloper_Kneat_CodingChallange_Test\SourceCode\1.UI\CodingChallange.MVC.Angular.UI\Scripts\App\AdminSection\Services\StarshipService.spec.js
E:\Makrand_Vichare_WebDeveloper_Kneat_CodingChallange_Test\SourceCode\1.UI\CodingChallange.MVC.Angular.UI\Scripts\App\AdminSection\Services\StarshipService.spec.js.map
E:\Makrand_Vichare_WebDeveloper_Kneat_CodingChallange_Test\SourceCode\1.UI\CodingChallange.MVC.Angular.UI\Scripts\App\AdminSection\Services\PlanetService.spec.js
E:\Makrand_Vichare_WebDeveloper_Kneat_CodingChallange_Test\SourceCode\1.UI\CodingChallange.MVC.Angular.UI\Scripts\App\AdminSection\Services\PlanetService.spec.js.map
E:\Makrand_Vichare_WebDeveloper_Kneat_CodingChallange_Test\SourceCode\1.UI\CodingChallange.MVC.Angular.UI\Scripts\App\AdminSection\ViewModels\IAuthenticationVM.js
E:\Makrand_Vichare_WebDeveloper_Kneat_CodingChallange_Test\SourceCode\1.UI\CodingChallange.MVC.Angular.UI\Scripts\App\AdminSection\ViewModels\IAuthenticationVM.js.map
E:\Makrand_Vichare_WebDeveloper_Kneat_CodingChallange_Test\SourceCode\1.UI\CodingChallange.MVC.Angular.UI\Scripts\App\AdminSection\ViewModels\IAuthorizationVM.js
E:\Makrand_Vichare_WebDeveloper_Kneat_CodingChallange_Test\SourceCode\1.UI\CodingChallange.MVC.Angular.UI\Scripts\App\AdminSection\ViewModels\IAuthorizationVM.js.map
E:\Makrand_Vichare_WebDeveloper_Kneat_CodingChallange_Test\SourceCode\1.UI\CodingChallange.MVC.Angular.UI\Scripts\App\AdminSection\ViewModels\ILoginVM.js
E:\Makrand_Vichare_WebDeveloper_Kneat_CodingChallange_Test\SourceCode\1.UI\CodingChallange.MVC.Angular.UI\Scripts\App\AdminSection\ViewModels\ILoginVM.js.map
E:\Makrand_Vichare_WebDeveloper_Kneat_CodingChallange_Test\SourceCode\1.UI\CodingChallange.MVC.Angular.UI\Scripts\App\AdminSection\ViewModels\IStarshipVM.js
E:\Makrand_Vichare_WebDeveloper_Kneat_CodingChallange_Test\SourceCode\1.UI\CodingChallange.MVC.Angular.UI\Scripts\App\AdminSection\ViewModels\IStarshipVM.js.map
E:\Makrand_Vichare_WebDeveloper_Kneat_CodingChallange_Test\SourceCode\1.UI\CodingChallange.MVC.Angular.UI\Scripts\App\AdminSection\ViewModels\IUserVM.js
E:\Makrand_Vichare_WebDeveloper_Kneat_CodingChallange_Test\SourceCode\1.UI\CodingChallange.MVC.Angular.UI\Scripts\App\AdminSection\ViewModels\IUserVM.js.map
E:\Makrand_Vichare_WebDeveloper_Kneat_CodingChallange_Test\SourceCode\1.UI\CodingChallange.MVC.Angular.UI\Scripts\App\Common\ModelController.js
E:\Makrand_Vichare_WebDeveloper_Kneat_CodingChallange_Test\SourceCode\1.UI\CodingChallange.MVC.Angular.UI\Scripts\App\Common\ModelController.js.map
E:\Makrand_Vichare_WebDeveloper_Kneat_CodingChallange_Test\SourceCode\1.UI\CodingChallange.MVC.Angular.UI\Scripts\App\Common\BaseController.spec.js
E:\Makrand_Vichare_WebDeveloper_Kneat_CodingChallange_Test\SourceCode\1.UI\CodingChallange.MVC.Angular.UI\Scripts\App\Common\BaseController.spec.js.map
E:\Makrand_Vichare_WebDeveloper_Kneat_CodingChallange_Test\SourceCode\1.UI\CodingChallange.MVC.Angular.UI\Scripts\App\Common\Directives\AntiForgeryTokenDirective.js
E:\Makrand_Vichare_WebDeveloper_Kneat_CodingChallange_Test\SourceCode\1.UI\CodingChallange.MVC.Angular.UI\Scripts\App\Common\Directives\AntiForgeryTokenDirective.js.map
E:\Makrand_Vichare_WebDeveloper_Kneat_CodingChallange_Test\SourceCode\1.UI\CodingChallange.MVC.Angular.UI\Scripts\App\Common\IDictionary.js
E:\Makrand_Vichare_WebDeveloper_Kneat_CodingChallange_Test\SourceCode\1.UI\CodingChallange.MVC.Angular.UI\Scripts\App\Common\IDictionary.js.map
E:\Makrand_Vichare_WebDeveloper_Kneat_CodingChallange_Test\SourceCode\1.UI\CodingChallange.MVC.Angular.UI\Scripts\App\Common\IInterceptor.js
E:\Makrand_Vichare_WebDeveloper_Kneat_CodingChallange_Test\SourceCode\1.UI\CodingChallange.MVC.Angular.UI\Scripts\App\Common\IInterceptor.js.map
E:\Makrand_Vichare_WebDeveloper_Kneat_CodingChallange_Test\SourceCode\1.UI\CodingChallange.MVC.Angular.UI\Scripts\App\Common\IMessageVM.js
E:\Makrand_Vichare_WebDeveloper_Kneat_CodingChallange_Test\SourceCode\1.UI\CodingChallange.MVC.Angular.UI\Scripts\App\Common\IMessageVM.js.map
E:\Makrand_Vichare_WebDeveloper_Kneat_CodingChallange_Test\SourceCode\1.UI\CodingChallange.MVC.Angular.UI\Scripts\App\Common\IBaseVM.js
E:\Makrand_Vichare_WebDeveloper_Kneat_CodingChallange_Test\SourceCode\1.UI\CodingChallange.MVC.Angular.UI\Scripts\App\Common\IBaseVM.js.map
E:\Makrand_Vichare_WebDeveloper_Kneat_CodingChallange_Test\SourceCode\1.UI\CodingChallange.MVC.Angular.UI\Scripts\App\Common\IBaseService.js
E:\Makrand_Vichare_WebDeveloper_Kneat_CodingChallange_Test\SourceCode\1.UI\CodingChallange.MVC.Angular.UI\Scripts\App\Common\IBaseService.js.map
E:\Makrand_Vichare_WebDeveloper_Kneat_CodingChallange_Test\SourceCode\1.UI\CodingChallange.MVC.Angular.UI\Scripts\App\HomeSection\Interfaces\ITestApiService.js
E:\Makrand_Vichare_WebDeveloper_Kneat_CodingChallange_Test\SourceCode\1.UI\CodingChallange.MVC.Angular.UI\Scripts\App\HomeSection\Interfaces\ITestApiService.js.map
E:\Makrand_Vichare_WebDeveloper_Kneat_CodingChallange_Test\SourceCode\1.UI\CodingChallange.MVC.Angular.UI\Scripts\App\HomeSection\Services\TestApiService.js
E:\Makrand_Vichare_WebDeveloper_Kneat_CodingChallange_Test\SourceCode\1.UI\CodingChallange.MVC.Angular.UI\Scripts\App\HomeSection\Services\TestApiService.js.map
E:\Makrand_Vichare_WebDeveloper_Kneat_CodingChallange_Test\SourceCode\1.UI\CodingChallange.MVC.Angular.UI\Scripts\App\HomeSection\HomeSectionRoutes.js
E:\Makrand_Vichare_WebDeveloper_Kneat_CodingChallange_Test\SourceCode\1.UI\CodingChallange.MVC.Angular.UI\Scripts\App\HomeSection\HomeSectionRoutes.js.map
E:\Makrand_Vichare_WebDeveloper_Kneat_CodingChallange_Test\SourceCode\1.UI\CodingChallange.MVC.Angular.UI\Scripts\App\HomeSection\Controllers\HomeController.js
E:\Makrand_Vichare_WebDeveloper_Kneat_CodingChallange_Test\SourceCode\1.UI\CodingChallange.MVC.Angular.UI\Scripts\App\HomeSection\Controllers\HomeController.js.map
E:\Makrand_Vichare_WebDeveloper_Kneat_CodingChallange_Test\SourceCode\1.UI\CodingChallange.MVC.Angular.UI\Scripts\App\HomeSection\HomeSectionApp.js
E:\Makrand_Vichare_WebDeveloper_Kneat_CodingChallange_Test\SourceCode\1.UI\CodingChallange.MVC.Angular.UI\Scripts\App\HomeSection\HomeSectionApp.js.map
E:\Makrand_Vichare_WebDeveloper_Kneat_CodingChallange_Test\SourceCode\1.UI\CodingChallange.MVC.Angular.UI\Scripts\App\AdminSection\ViewModels\IPlanetVM.js
E:\Makrand_Vichare_WebDeveloper_Kneat_CodingChallange_Test\SourceCode\1.UI\CodingChallange.MVC.Angular.UI\Scripts\App\AdminSection\ViewModels\IPlanetVM.js.map
E:\Makrand_Vichare_WebDeveloper_Kneat_CodingChallange_Test\SourceCode\1.UI\CodingChallange.MVC.Angular.UI\Scripts\App\UsersSection\interfaces\istarshiptravelservice.js
E:\Makrand_Vichare_WebDeveloper_Kneat_CodingChallange_Test\SourceCode\1.UI\CodingChallange.MVC.Angular.UI\Scripts\App\UsersSection\interfaces\istarshiptravelservice.js.map
E:\Makrand_Vichare_WebDeveloper_Kneat_CodingChallange_Test\SourceCode\1.UI\CodingChallange.MVC.Angular.UI\Scripts\App\UsersSection\services\starshiptravelservice.js
E:\Makrand_Vichare_WebDeveloper_Kneat_CodingChallange_Test\SourceCode\1.UI\CodingChallange.MVC.Angular.UI\Scripts\App\UsersSection\services\starshiptravelservice.js.map
E:\Makrand_Vichare_WebDeveloper_Kneat_CodingChallange_Test\SourceCode\1.UI\CodingChallange.MVC.Angular.UI\Scripts\App\UsersSection\Controllers\starshiptravelcontroller.js
E:\Makrand_Vichare_WebDeveloper_Kneat_CodingChallange_Test\SourceCode\1.UI\CodingChallange.MVC.Angular.UI\Scripts\App\UsersSection\Controllers\starshiptravelcontroller.js.map
E:\Makrand_Vichare_WebDeveloper_Kneat_CodingChallange_Test\SourceCode\1.UI\CodingChallange.MVC.Angular.UI\Scripts\App\UsersSection\Controllers\StarshipTravelController.spec.js
E:\Makrand_Vichare_WebDeveloper_Kneat_CodingChallange_Test\SourceCode\1.UI\CodingChallange.MVC.Angular.UI\Scripts\App\UsersSection\Controllers\StarshipTravelController.spec.js.map
E:\Makrand_Vichare_WebDeveloper_Kneat_CodingChallange_Test\SourceCode\1.UI\CodingChallange.MVC.Angular.UI\Scripts\App\UsersSection\Services\StarshipTravelService.spec.js
E:\Makrand_Vichare_WebDeveloper_Kneat_CodingChallange_Test\SourceCode\1.UI\CodingChallange.MVC.Angular.UI\Scripts\App\UsersSection\Services\StarshipTravelService.spec.js.map
E:\Makrand_Vichare_WebDeveloper_Kneat_CodingChallange_Test\SourceCode\1.UI\CodingChallange.MVC.Angular.UI\Scripts\App\UsersSection\UsersSectionApp.js
E:\Makrand_Vichare_WebDeveloper_Kneat_CodingChallange_Test\SourceCode\1.UI\CodingChallange.MVC.Angular.UI\Scripts\App\UsersSection\UsersSectionApp.js.map
E:\Makrand_Vichare_WebDeveloper_Kneat_CodingChallange_Test\SourceCode\1.UI\CodingChallange.MVC.Angular.UI\Scripts\App\UsersSection\UsersSectionRoutes.js
E:\Makrand_Vichare_WebDeveloper_Kneat_CodingChallange_Test\SourceCode\1.UI\CodingChallange.MVC.Angular.UI\Scripts\App\UsersSection\UsersSectionRoutes.js.map
E:\Makrand_Vichare_WebDeveloper_Kneat_CodingChallange_Test\SourceCode\1.UI\CodingChallange.MVC.Angular.UI\Scripts\App\UsersSection\ViewModels\IStarshipTravelVM.js
E:\Makrand_Vichare_WebDeveloper_Kneat_CodingChallange_Test\SourceCode\1.UI\CodingChallange.MVC.Angular.UI\Scripts\App\UsersSection\ViewModels\IStarshipTravelVM.js.map
